
[2025-04-25 14:17:27]
{
  "birth_date": "14.03.1992",
  "birth_time": "15:30",
  "birth_place": "Москва"
}
----------------------------------------

[2025-04-25 14:18:07]
{
  "birth_date": "23.02.1993",
  "birth_time": "21:45",
  "birth_place": "Иркутск"
}
----------------------------------------

[2025-04-25 14:19:10]
{
  "birth_date": "{birth_date}",
  "birth_time": "{birth_time}",
  "birth_place": "{birth_place}"
}
----------------------------------------

[2025-04-25 14:20:05]
{
  "birth_date": "{{birth_date}}",
  "birth_time": "{{birth_time}}",
  "birth_place": "{{birth_place}}"
}
----------------------------------------

[2025-04-25 14:21:18]
{
  "birth_date": "{{chat.birth_date}}",
  "birth_time": "{{chat.birth_time}}",
  "birth_place": "{{chat.birth_place}}"
}
----------------------------------------

[2025-04-25 14:22:16]
{
  "birth_date": "{chat.birth_date}",
  "birth_time": "{chat.birth_time}",
  "birth_place": "{chat.birth_place}"
}
----------------------------------------

[2025-04-25 14:25:30]
{
  "birth_date": "14.03.1992",
  "birth_time": "15:30",
  "birth_place": "Москва"
}
----------------------------------------

[2025-04-25 14:33:41]
{
  "birth_date": "23.02.1993",
  "birth_time": "21:45",
  "birth_place": "Иркутск"
}
----------------------------------------

[2025-04-25 14:35:44]
{
  "birth_date": "23.02.1993",
  "birth_time": "21:45",
  "birth_place": "Иркутск"
}
----------------------------------------
